TN:
SF:orderbook.ts
FN:3,createBuyQueue
FN:9,createSellQueue
FN:19,insertBuyOrder
FN:32,cancelBuyOrder
FN:36,cancelSellOrder
FN:40,insertSellOrder
FN:52,match
FN:79,getBuyOrdersByUserId
FN:91,clearQueues
FNF:9
FNH:5
FNDA:1,createBuyQueue
FNDA:1,createSellQueue
FNDA:4,insertBuyOrder
FNDA:0,cancelBuyOrder
FNDA:0,cancelSellOrder
FNDA:4,insertSellOrder
FNDA:0,match
FNDA:0,getBuyOrdersByUserId
FNDA:1,clearQueues
DA:1,1
DA:2,1
DA:3,1
DA:4,1
DA:5,1
DA:6,1
DA:7,1
DA:8,1
DA:9,1
DA:10,1
DA:11,1
DA:12,1
DA:13,1
DA:14,1
DA:15,1
DA:16,1
DA:17,1
DA:18,1
DA:19,4
DA:20,4
DA:21,1
DA:22,1
DA:23,3
DA:24,4
DA:25,4
DA:26,3
DA:27,4
DA:28,0
DA:29,0
DA:30,4
DA:31,1
DA:32,0
DA:33,0
DA:34,0
DA:35,1
DA:36,0
DA:37,0
DA:38,0
DA:39,1
DA:40,4
DA:41,4
DA:42,1
DA:43,1
DA:44,4
DA:45,4
DA:46,3
DA:47,4
DA:48,0
DA:49,0
DA:50,4
DA:51,1
DA:52,0
DA:53,0
DA:54,0
DA:55,0
DA:56,0
DA:57,0
DA:58,0
DA:59,0
DA:60,0
DA:61,0
DA:62,0
DA:63,0
DA:64,0
DA:65,0
DA:66,0
DA:67,0
DA:68,0
DA:69,0
DA:70,0
DA:71,0
DA:72,0
DA:73,0
DA:74,0
DA:75,0
DA:76,0
DA:77,0
DA:78,1
DA:79,0
DA:80,0
DA:81,0
DA:82,1
DA:83,1
DA:84,1
DA:85,1
DA:86,1
DA:87,1
DA:88,1
DA:89,1
DA:90,1
DA:91,1
DA:92,1
DA:93,1
DA:94,1
DA:95,1
DA:96,1
DA:97,1
DA:98,1
DA:99,1
DA:100,1
DA:101,1
DA:102,1
DA:103,1
LF:103
LH:64
BRDA:3,0,0,1
BRDA:4,1,0,1
BRDA:9,2,0,1
BRDA:10,3,0,1
BRDA:19,4,0,4
BRDA:20,5,0,1
BRDA:22,6,0,3
BRDA:24,7,0,2
BRDA:25,8,0,2
BRDA:25,9,0,3
BRDA:27,10,0,0
BRDA:40,11,0,4
BRDA:41,12,0,1
BRDA:43,13,0,3
BRDA:44,14,0,2
BRDA:45,15,0,2
BRDA:45,16,0,3
BRDA:47,17,0,0
BRDA:91,18,0,1
BRF:19
BRH:17
end_of_record
